mode: set
github.com/dispatchitinc/ecr-k8s-secret-creator/internal/docker/config.go:12.84,13.41 1 1
github.com/dispatchitinc/ecr-k8s-secret-creator/internal/docker/config.go:17.2,21.30 4 1
github.com/dispatchitinc/ecr-k8s-secret-creator/internal/docker/config.go:13.41,15.3 1 1
github.com/dispatchitinc/ecr-k8s-secret-creator/internal/config/config.go:20.46,24.16 3 1
github.com/dispatchitinc/ecr-k8s-secret-creator/internal/config/config.go:28.2,28.20 1 1
github.com/dispatchitinc/ecr-k8s-secret-creator/internal/config/config.go:24.16,26.3 1 0
github.com/dispatchitinc/ecr-k8s-secret-creator/internal/config/config.go:31.55,32.26 1 1
github.com/dispatchitinc/ecr-k8s-secret-creator/internal/config/config.go:33.27,34.34 1 1
github.com/dispatchitinc/ecr-k8s-secret-creator/internal/config/config.go:35.37,36.44 1 1
github.com/dispatchitinc/ecr-k8s-secret-creator/internal/config/config.go:37.30,38.37 1 1
github.com/dispatchitinc/ecr-k8s-secret-creator/internal/config/config.go:39.10,40.56 1 1
github.com/dispatchitinc/ecr-k8s-secret-creator/internal/k8s/client.go:15.119,18.14 2 1
github.com/dispatchitinc/ecr-k8s-secret-creator/internal/k8s/client.go:33.2,52.16 7 1
github.com/dispatchitinc/ecr-k8s-secret-creator/internal/k8s/client.go:65.2,70.12 2 1
github.com/dispatchitinc/ecr-k8s-secret-creator/internal/k8s/client.go:19.37,22.4 1 0
github.com/dispatchitinc/ecr-k8s-secret-creator/internal/k8s/client.go:23.30,26.4 1 0
github.com/dispatchitinc/ecr-k8s-secret-creator/internal/k8s/client.go:27.10,30.4 1 1
github.com/dispatchitinc/ecr-k8s-secret-creator/internal/k8s/client.go:52.16,53.49 1 1
github.com/dispatchitinc/ecr-k8s-secret-creator/internal/k8s/client.go:53.49,55.18 2 1
github.com/dispatchitinc/ecr-k8s-secret-creator/internal/k8s/client.go:59.4,59.27 1 1
github.com/dispatchitinc/ecr-k8s-secret-creator/internal/k8s/client.go:55.18,57.5 1 0
github.com/dispatchitinc/ecr-k8s-secret-creator/internal/k8s/client.go:60.9,62.4 1 0
